0 info it worked if it ends with ok
1 verbose cli [ '/Users/Amos/.nvm/versions/node/v4.3.2/bin/node',
1 verbose cli   '/Users/Amos/.nvm/versions/node/v4.3.2/bin/npm',
1 verbose cli   'run',
1 verbose cli   'app' ]
2 info using npm@2.15.9
3 info using node@v6.2.2
4 verbose run-script [ 'preapp', 'app', 'postapp' ]
5 info preapp MEAN@0.0.7
6 info app MEAN@0.0.7
7 verbose unsafe-perm in lifecycle true
8 info MEAN@0.0.7 Failed to exec app script
9 verbose stack Error: MEAN@0.0.7 app: `node server`
9 verbose stack Exit status 1
9 verbose stack     at EventEmitter.<anonymous> (/Users/Amos/.nvm/versions/node/v4.3.2/lib/node_modules/npm/lib/utils/lifecycle.js:217:16)
9 verbose stack     at emitTwo (events.js:106:13)
9 verbose stack     at EventEmitter.emit (events.js:191:7)
9 verbose stack     at ChildProcess.<anonymous> (/Users/Amos/.nvm/versions/node/v4.3.2/lib/node_modules/npm/lib/utils/spawn.js:24:14)
9 verbose stack     at emitTwo (events.js:106:13)
9 verbose stack     at ChildProcess.emit (events.js:191:7)
9 verbose stack     at maybeClose (internal/child_process.js:852:16)
9 verbose stack     at Process.ChildProcess._handle.onexit (internal/child_process.js:215:5)
10 verbose pkgid MEAN@0.0.7
11 verbose cwd /Users/Amos/Downloads/mean-web-development/Chapter 8/3285OS_08_01
12 error Darwin 15.6.0
13 error argv "/Users/Amos/.nvm/versions/node/v4.3.2/bin/node" "/Users/Amos/.nvm/versions/node/v4.3.2/bin/npm" "run" "app"
14 error node v6.2.2
15 error npm  v2.15.9
16 error code ELIFECYCLE
17 error MEAN@0.0.7 app: `node server`
17 error Exit status 1
18 error Failed at the MEAN@0.0.7 app script 'node server'.
18 error This is most likely a problem with the MEAN package,
18 error not with npm itself.
18 error Tell the author that this fails on your system:
18 error     node server
18 error You can get information on how to open an issue for this project with:
18 error     npm bugs MEAN
18 error Or if that isn't available, you can get their info via:
18 error
18 error     npm owner ls MEAN
18 error There is likely additional logging output above.
19 verbose exit [ 1, true ]
